<?xml version="1.0" encoding="UTF-8"?>
<!-- Generated by org.testng.reporters.JUnitReportReporter -->
<testsuite skipped="0" hostname="AKAPOOR4XJS022" name="Test1" tests="3" failures="0" timestamp="29 May 2019 01:39:22 GMT" time="0.023" errors="0">
  <testcase name="method1" time="0.020" classname="Test1"/>
  <testcase name="eirstmethod" time="0.002" classname="Test1"/>
  <testcase name="firstmethod" time="0.001" classname="Test1"/>
</testsuite> <!-- Test1 -->
