<?xml version="1.0" encoding="UTF-8"?>
<!-- Generated by org.testng.reporters.JUnitReportReporter -->
<testsuite skipped="0" hostname="AKAPOOR4XJS022" name="Test2" tests="4" failures="0" timestamp="29 May 2019 03:07:13 GMT" time="0.001" errors="0">
  <testcase name="method2" time="0.001" classname="Test2"/>
  <testcase name="firstmethod" time="0.000" classname="Test2"/>
  <testcase name="secondmethod" time="0.000" classname="Test2"/>
  <testcase name="thirdmethod" time="0.000" classname="Test2"/>
</testsuite> <!-- Test2 -->
