<?xml version="1.0" encoding="UTF-8"?>
<!-- Generated by org.testng.reporters.JUnitReportReporter -->
<testsuite skipped="0" hostname="AKAPOOR4XJS022" name="Test1" tests="4" failures="0" timestamp="29 May 2019 08:15:30 GMT" time="0.021" errors="0">
  <testcase name="method1" time="0.020" classname="Test1"/>
  <testcase name="firstmethod" time="0.000" classname="Test1"/>
  <testcase name="secondmethod" time="0.000" classname="Test1"/>
  <testcase name="thirdmethod" time="0.001" classname="Test1"/>
</testsuite> <!-- Test1 -->
